<?xml version="1.0" encoding="UTF-8"?>
<testsuite xmlns:xsi="http://www.w3.org/2001/XMLSchema-instance" xsi:noNamespaceSchemaLocation="https://maven.apache.org/surefire/maven-surefire-plugin/xsd/surefire-test-report-3.0.xsd" version="3.0" name="CucumberOptions.TestRunner" time="24.926" tests="5" errors="0" skipped="0" failures="0">
  <properties>
[...]
</properties>
  <testcase name="runScenario[&quot;verify user is able to add single book&quot;, &quot;Verify Add Book Feature of API&quot;](1)" classname="CucumberOptions.TestRunner" time="11.639">
    <system-out><![CDATA[Request method:	POST
Request URI:	http://216.10.245.166/Library/Addbook.php
Proxy:			<none>
Request params:	<none>
Query params:	<none>
Form params:	<none>
Path params:	<none>
Headers:		Accept=*/*
				Content-Type=application/json
Cookies:		<none>
Multiparts:		<none>
Body:
{
    "name": "If I Forget Thee Jerusalem",
    "isbn": "Francis",
    "aisle": "7208",
    "author": "Ashely Collins"
}
HTTP/1.1 200 OK
Date: Tue, 27 May 2025 13:44:18 GMT
Server: Apache
Access-Control-Allow-Origin: *
Access-Control-Allow-Methods: POST
Access-Control-Max-Age: 3600
Access-Control-Allow-Headers: Content-Type, Access-Control-Allow-Headers, Authorization, X-Requested-With
Keep-Alive: timeout=5, max=100
Connection: Keep-Alive
Transfer-Encoding: chunked
Content-Type: application/json;charset=UTF-8

{
    "Msg": "successfully added",
    "ID": "Francis7208"
}
]]></system-out>
    <system-err><![CDATA[SLF4J: Failed to load class "org.slf4j.impl.StaticLoggerBinder".
SLF4J: Defaulting to no-operation (NOP) logger implementation
SLF4J: See http://www.slf4j.org/codes.html#StaticLoggerBinder for further details.
]]></system-err>
  </testcase>
  <testcase name="runScenario[&quot;Verify Book Addition using Data Paramterisation&quot;, &quot;Verify Add Book Feature of API&quot;](2)" classname="CucumberOptions.TestRunner" time="0.479">
    <system-out><![CDATA[Request method:	POST
Request URI:	http://216.10.245.166/Library/Addbook.php
Proxy:			<none>
Request params:	<none>
Query params:	<none>
Form params:	<none>
Path params:	<none>
Headers:		Accept=*/*
				Content-Type=application/json
Cookies:		<none>
Multiparts:		<none>
Body:
{
    "name": "Rest Assured Solutions",
    "isbn": "amalu",
    "aisle": "12344417",
    "author": "Amalu VS"
}
HTTP/1.1 200 OK
Date: Tue, 27 May 2025 13:44:21 GMT
Server: Apache
Access-Control-Allow-Origin: *
Access-Control-Allow-Methods: POST
Access-Control-Max-Age: 3600
Access-Control-Allow-Headers: Content-Type, Access-Control-Allow-Headers, Authorization, X-Requested-With
Keep-Alive: timeout=5, max=100
Connection: Keep-Alive
Transfer-Encoding: chunked
Content-Type: application/json;charset=UTF-8

{
    "Msg": "successfully added",
    "ID": "amalu12344417"
}
]]></system-out>
  </testcase>
  <testcase name="runScenario[&quot;Verify Book Addition using Data Paramterisation&quot;, &quot;Verify Add Book Feature of API&quot;](3)" classname="CucumberOptions.TestRunner" time="0.301">
    <system-out><![CDATA[Request method:	POST
Request URI:	http://216.10.245.166/Library/Addbook.php
Proxy:			<none>
Request params:	<none>
Query params:	<none>
Form params:	<none>
Path params:	<none>
Headers:		Accept=*/*
				Content-Type=application/json
Cookies:		<none>
Multiparts:		<none>
Body:
{
    "name": "Learn Java With Sree Ganga",
    "isbn": "sreeganga",
    "aisle": "009882",
    "author": "S Ganga"
}
HTTP/1.1 200 OK
Date: Tue, 27 May 2025 13:44:22 GMT
Server: Apache
Access-Control-Allow-Origin: *
Access-Control-Allow-Methods: POST
Access-Control-Max-Age: 3600
Access-Control-Allow-Headers: Content-Type, Access-Control-Allow-Headers, Authorization, X-Requested-With
Keep-Alive: timeout=5, max=100
Connection: Keep-Alive
Transfer-Encoding: chunked
Content-Type: application/json;charset=UTF-8

{
    "Msg": "successfully added",
    "ID": "sreeganga009882"
}
]]></system-out>
  </testcase>
  <testcase name="runScenario[&quot;Verify Book Addition using Data Paramterisation&quot;, &quot;Verify Add Book Feature of API&quot;](4)" classname="CucumberOptions.TestRunner" time="0.314">
    <system-out><![CDATA[Request method:	POST
Request URI:	http://216.10.245.166/Library/Addbook.php
Proxy:			<none>
Request params:	<none>
Query params:	<none>
Form params:	<none>
Path params:	<none>
Headers:		Accept=*/*
				Content-Type=application/json
Cookies:		<none>
Multiparts:		<none>
Body:
{
    "name": "Appium With JS",
    "isbn": "glen",
    "aisle": "22017843",
    "author": "Glen Joy"
}
HTTP/1.1 200 OK
Date: Tue, 27 May 2025 13:44:22 GMT
Server: Apache
Access-Control-Allow-Origin: *
Access-Control-Allow-Methods: POST
Access-Control-Max-Age: 3600
Access-Control-Allow-Headers: Content-Type, Access-Control-Allow-Headers, Authorization, X-Requested-With
Keep-Alive: timeout=5, max=100
Connection: Keep-Alive
Transfer-Encoding: chunked
Content-Type: application/json;charset=UTF-8

{
    "Msg": "successfully added",
    "ID": "glen22017843"
}
]]></system-out>
  </testcase>
  <testcase name="runScenario[&quot;Verify user is able to retrive book using ID&quot;, &quot;Verify Get Book Feature of API&quot;](5)" classname="CucumberOptions.TestRunner" time="1.004">
    <system-out><![CDATA[Request method:	POST
Request URI:	http://216.10.245.166/Library/Addbook.php
Proxy:			<none>
Request params:	<none>
Query params:	<none>
Form params:	<none>
Path params:	<none>
Headers:		Accept=*/*
				Content-Type=application/json
Cookies:		<none>
Multiparts:		<none>
Body:
{
    "name": "The Heart Is a Lonely Hunter",
    "isbn": "Shemeka",
    "aisle": "8073",
    "author": "Dionne Casper"
}
HTTP/1.1 200 OK
Date: Tue, 27 May 2025 13:44:23 GMT
Server: Apache
Access-Control-Allow-Origin: *
Access-Control-Allow-Methods: POST
Access-Control-Max-Age: 3600
Access-Control-Allow-Headers: Content-Type, Access-Control-Allow-Headers, Authorization, X-Requested-With
Keep-Alive: timeout=5, max=100
Connection: Keep-Alive
Transfer-Encoding: chunked
Content-Type: application/json;charset=UTF-8

{
    "Msg": "successfully added",
    "ID": "Shemeka8073"
}
Request method:	GET
Request URI:	http://216.10.245.166/Library/GetBook.php?ID=Shemeka8073
Proxy:			<none>
Request params:	<none>
Query params:	ID=Shemeka8073
Form params:	<none>
Path params:	<none>
Headers:		Accept=*/*
				Content-Type=application/json
Cookies:		<none>
Multiparts:		<none>
Body:			<none>
]]></system-out>
  </testcase>
</testsuite>