<?xml version="1.0" encoding="UTF-8"?>
<testng-results ignored="0" total="5" passed="5" failed="0" skipped="0">
  <reporter-output>
  </reporter-output>
  <suite started-at="2025-05-27T19:14:07 IST" name="Surefire suite" finished-at="2025-05-27T19:14:30 IST" duration-ms="23258">
    <groups>
      <group name="cucumber">
        <method signature="AbstractTestNGCucumberTests.runScenario(io.cucumber.testng.PickleWrapper,io.cucumber.testng.FeatureWrapper)[pri:0, instance:CucumberOptions.TestRunner@65466a6a]" name="runScenario" class="io.cucumber.testng.AbstractTestNGCucumberTests"/>
      </group> <!-- cucumber -->
    </groups>
    <test started-at="2025-05-27T19:14:07 IST" name="Surefire test" finished-at="2025-05-27T19:14:30 IST" duration-ms="23258">
      <class name="CucumberOptions.TestRunner">
        <test-method is-config="true" signature="setUpClass(org.testng.ITestContext)[pri:0, instance:CucumberOptions.TestRunner@65466a6a]" started-at="2025-05-27T19:14:07 IST" name="setUpClass" finished-at="2025-05-27T19:14:10 IST" duration-ms="2962" status="PASS">
          <params>
            <param index="0">
              <value>
                <![CDATA[org.testng.TestRunner@7ffdded5]]>
              </value>
            </param>
          </params>
          <reporter-output>
          </reporter-output>
        </test-method> <!-- setUpClass -->
        <test-method signature="runScenario(io.cucumber.testng.PickleWrapper,io.cucumber.testng.FeatureWrapper)[pri:0, instance:CucumberOptions.TestRunner@65466a6a]" started-at="2025-05-27T19:14:10 IST" name="runScenario" description="Runs Cucumber Scenarios" data-provider="scenarios" finished-at="2025-05-27T19:14:22 IST" duration-ms="11639" status="PASS">
          <params>
            <param index="0">
              <value>
                <![CDATA["verify user is able to add single book"]]>
              </value>
            </param>
            <param index="1">
              <value>
                <![CDATA["Verify Add Book Feature of API"]]>
              </value>
            </param>
          </params>
          <reporter-output>
          </reporter-output>
        </test-method> <!-- runScenario -->
        <test-method signature="runScenario(io.cucumber.testng.PickleWrapper,io.cucumber.testng.FeatureWrapper)[pri:0, instance:CucumberOptions.TestRunner@65466a6a]" started-at="2025-05-27T19:14:22 IST" name="runScenario" description="Runs Cucumber Scenarios" data-provider="scenarios" finished-at="2025-05-27T19:14:22 IST" duration-ms="477" status="PASS">
          <params>
            <param index="0">
              <value>
                <![CDATA["Verify Book Addition using Data Paramterisation"]]>
              </value>
            </param>
            <param index="1">
              <value>
                <![CDATA["Verify Add Book Feature of API"]]>
              </value>
            </param>
          </params>
          <reporter-output>
          </reporter-output>
        </test-method> <!-- runScenario -->
        <test-method signature="runScenario(io.cucumber.testng.PickleWrapper,io.cucumber.testng.FeatureWrapper)[pri:0, instance:CucumberOptions.TestRunner@65466a6a]" started-at="2025-05-27T19:14:22 IST" name="runScenario" description="Runs Cucumber Scenarios" data-provider="scenarios" finished-at="2025-05-27T19:14:22 IST" duration-ms="301" status="PASS">
          <params>
            <param index="0">
              <value>
                <![CDATA["Verify Book Addition using Data Paramterisation"]]>
              </value>
            </param>
            <param index="1">
              <value>
                <![CDATA["Verify Add Book Feature of API"]]>
              </value>
            </param>
          </params>
          <reporter-output>
          </reporter-output>
        </test-method> <!-- runScenario -->
        <test-method signature="runScenario(io.cucumber.testng.PickleWrapper,io.cucumber.testng.FeatureWrapper)[pri:0, instance:CucumberOptions.TestRunner@65466a6a]" started-at="2025-05-27T19:14:22 IST" name="runScenario" description="Runs Cucumber Scenarios" data-provider="scenarios" finished-at="2025-05-27T19:14:23 IST" duration-ms="312" status="PASS">
          <params>
            <param index="0">
              <value>
                <![CDATA["Verify Book Addition using Data Paramterisation"]]>
              </value>
            </param>
            <param index="1">
              <value>
                <![CDATA["Verify Add Book Feature of API"]]>
              </value>
            </param>
          </params>
          <reporter-output>
          </reporter-output>
        </test-method> <!-- runScenario -->
        <test-method signature="runScenario(io.cucumber.testng.PickleWrapper,io.cucumber.testng.FeatureWrapper)[pri:0, instance:CucumberOptions.TestRunner@65466a6a]" started-at="2025-05-27T19:14:23 IST" name="runScenario" description="Runs Cucumber Scenarios" data-provider="scenarios" finished-at="2025-05-27T19:14:24 IST" duration-ms="1004" status="PASS">
          <params>
            <param index="0">
              <value>
                <![CDATA["Verify user is able to retrive book using ID"]]>
              </value>
            </param>
            <param index="1">
              <value>
                <![CDATA["Verify Get Book Feature of API"]]>
              </value>
            </param>
          </params>
          <reporter-output>
          </reporter-output>
        </test-method> <!-- runScenario -->
        <test-method is-config="true" signature="tearDownClass()[pri:0, instance:CucumberOptions.TestRunner@65466a6a]" started-at="2025-05-27T19:14:24 IST" name="tearDownClass" finished-at="2025-05-27T19:14:30 IST" duration-ms="6397" status="PASS">
          <reporter-output>
          </reporter-output>
        </test-method> <!-- tearDownClass -->
      </class> <!-- CucumberOptions.TestRunner -->
    </test> <!-- Surefire test -->
  </suite> <!-- Surefire suite -->
</testng-results>
