<?xml version="1.0" encoding="UTF-8"?>
<testng-results ignored="0" total="1" passed="1" failed="0" skipped="0">
  <reporter-output>
  </reporter-output>
  <suite started-at="2025-05-19T20:02:17 IST" name="Default suite" finished-at="2025-05-19T20:02:20 IST" duration-ms="2465">
    <groups>
      <group name="cucumber">
        <method signature="AbstractTestNGCucumberTests.runScenario(io.cucumber.testng.PickleWrapper,io.cucumber.testng.FeatureWrapper)[pri:0, instance:CucumberOptions.TestRunner@71d44a3]" name="runScenario" class="io.cucumber.testng.AbstractTestNGCucumberTests"/>
      </group> <!-- cucumber -->
    </groups>
    <test started-at="2025-05-19T20:02:17 IST" name="Default test" finished-at="2025-05-19T20:02:20 IST" duration-ms="2465">
      <class name="CucumberOptions.TestRunner">
        <test-method is-config="true" signature="setUpClass(org.testng.ITestContext)[pri:0, instance:CucumberOptions.TestRunner@71d44a3]" started-at="2025-05-19T20:02:17 IST" name="setUpClass" finished-at="2025-05-19T20:02:17 IST" duration-ms="171" status="PASS">
          <params>
            <param index="0">
              <value>
                <![CDATA[org.testng.TestRunner@5ce0f50a]]>
              </value>
            </param>
          </params>
          <reporter-output>
          </reporter-output>
        </test-method> <!-- setUpClass -->
        <test-method signature="runScenario(io.cucumber.testng.PickleWrapper,io.cucumber.testng.FeatureWrapper)[pri:0, instance:CucumberOptions.TestRunner@71d44a3]" started-at="2025-05-19T20:02:17 IST" name="runScenario" description="Runs Cucumber Scenarios" data-provider="scenarios" finished-at="2025-05-19T20:02:20 IST" duration-ms="2257" status="PASS">
          <params>
            <param index="0">
              <value>
                <![CDATA["verify user is able to add single book"]]>
              </value>
            </param>
            <param index="1">
              <value>
                <![CDATA["Verify Add Book Feature of API"]]>
              </value>
            </param>
          </params>
          <reporter-output>
          </reporter-output>
        </test-method> <!-- runScenario -->
        <test-method is-config="true" signature="tearDownClass()[pri:0, instance:CucumberOptions.TestRunner@71d44a3]" started-at="2025-05-19T20:02:20 IST" name="tearDownClass" finished-at="2025-05-19T20:02:20 IST" duration-ms="2" status="PASS">
          <reporter-output>
          </reporter-output>
        </test-method> <!-- tearDownClass -->
      </class> <!-- CucumberOptions.TestRunner -->
    </test> <!-- Default test -->
  </suite> <!-- Default suite -->
</testng-results>
